Determining if the pthread_create exist failed with the following output:
Change Dir: /home/andrea/workspaceC/imagesToMultiboost/build/CMakeFiles/CMakeTmp

Run Build Command:"/usr/bin/make" "cmTC_f39fc/fast"
/usr/bin/make -f CMakeFiles/cmTC_f39fc.dir/build.make CMakeFiles/cmTC_f39fc.dir/build
make[1]: Entering directory '/home/andrea/workspaceC/imagesToMultiboost/build/CMakeFiles/CMakeTmp'
Building C object CMakeFiles/cmTC_f39fc.dir/CheckSymbolExists.c.o
/usr/bin/cc    -fPIC    -o CMakeFiles/cmTC_f39fc.dir/CheckSymbolExists.c.o   -c /home/andrea/workspaceC/imagesToMultiboost/build/CMakeFiles/CMakeTmp/CheckSymbolExists.c
Linking C executable cmTC_f39fc
/usr/bin/cmake -E cmake_link_script CMakeFiles/cmTC_f39fc.dir/link.txt --verbose=1
/usr/bin/cc  -fPIC     CMakeFiles/cmTC_f39fc.dir/CheckSymbolExists.c.o  -o cmTC_f39fc -rdynamic 
CMakeFiles/cmTC_f39fc.dir/CheckSymbolExists.c.o: In function `main':
CheckSymbolExists.c:(.text+0x1b): undefined reference to `pthread_create'
collect2: error: ld returned 1 exit status
CMakeFiles/cmTC_f39fc.dir/build.make:97: recipe for target 'cmTC_f39fc' failed
make[1]: *** [cmTC_f39fc] Error 1
make[1]: Leaving directory '/home/andrea/workspaceC/imagesToMultiboost/build/CMakeFiles/CMakeTmp'
Makefile:126: recipe for target 'cmTC_f39fc/fast' failed
make: *** [cmTC_f39fc/fast] Error 2

File /home/andrea/workspaceC/imagesToMultiboost/build/CMakeFiles/CMakeTmp/CheckSymbolExists.c:
/* */
#include <pthread.h>

int main(int argc, char** argv)
{
  (void)argv;
#ifndef pthread_create
  return ((int*)(&pthread_create))[argc];
#else
  (void)argc;
  return 0;
#endif
}

Determining if the function pthread_create exists in the pthreads failed with the following output:
Change Dir: /home/andrea/workspaceC/imagesToMultiboost/build/CMakeFiles/CMakeTmp

Run Build Command:"/usr/bin/make" "cmTC_27221/fast"
/usr/bin/make -f CMakeFiles/cmTC_27221.dir/build.make CMakeFiles/cmTC_27221.dir/build
make[1]: Entering directory '/home/andrea/workspaceC/imagesToMultiboost/build/CMakeFiles/CMakeTmp'
Building C object CMakeFiles/cmTC_27221.dir/CheckFunctionExists.c.o
/usr/bin/cc    -fPIC -DCHECK_FUNCTION_EXISTS=pthread_create   -o CMakeFiles/cmTC_27221.dir/CheckFunctionExists.c.o   -c /usr/share/cmake-3.5/Modules/CheckFunctionExists.c
Linking C executable cmTC_27221
/usr/bin/cmake -E cmake_link_script CMakeFiles/cmTC_27221.dir/link.txt --verbose=1
/usr/bin/cc  -fPIC -DCHECK_FUNCTION_EXISTS=pthread_create    CMakeFiles/cmTC_27221.dir/CheckFunctionExists.c.o  -o cmTC_27221 -rdynamic -lpthreads 
/usr/bin/ld: cannot find -lpthreads
collect2: error: ld returned 1 exit status
CMakeFiles/cmTC_27221.dir/build.make:97: recipe for target 'cmTC_27221' failed
make[1]: *** [cmTC_27221] Error 1
make[1]: Leaving directory '/home/andrea/workspaceC/imagesToMultiboost/build/CMakeFiles/CMakeTmp'
Makefile:126: recipe for target 'cmTC_27221/fast' failed
make: *** [cmTC_27221/fast] Error 2


